20/11/13 17:20:56 ** --- MESSAGE BEGIN ---
20/11/13 17:20:56 ** To: 1226415055@qq.com
20/11/13 17:20:56 ** Subject: hezheee666@163.com
20/11/13 17:20:56 ** <h3>和喆 ：感谢您在我站注册了新帐号。请点击链接激活您的帐号。</h3>
20/11/13 17:20:56 **             <p>http://www.willcloudy.com/active.php?verify=3cee53737efe10051552f62aaad6c944</p>
20/11/13 17:20:56 **             <p>如果以上链接无法点击，请将它复制到你的浏览器地址栏中进入访问，该链接24小时内有效。
20/11/13 17:20:56 **             如果此次激活请求非你本人所发，请忽略本邮件。</p>
20/11/13 17:20:56 ** 
20/11/13 17:20:56 ** 😀🌷用户帐号⚡激活😍🔥
20/11/13 17:20:56 ** --- MESSAGE END ---
20/11/13 17:20:56 ** Connecting to smtp.163.com:25
20/11/13 17:20:57 ** Connected.
20/11/13 17:20:57 << 220 163.com Anti-spam GT for Coremail System (163com[20141201])<EOL>
20/11/13 17:20:57 >> EHLO LAPTOP-TJFKVGKP<EOL>
20/11/13 17:20:57 << 250-mail<EOL>250-PIPELINING<EOL>250-AUTH LOGIN PLAIN <EOL>250-AUTH=LOGIN PLAIN<EOL>250-coremail 1Uxr2xKj7kG0xkI17xGrU7I0s8FY2U3Uj8Cz28x1UUUUU7Ic2I0Y2Url_vVqUCa0xDrUUUUj<EOL>250-STARTTLS<EOL>250 8BITMIME<EOL>
20/11/13 17:20:57 ** Authenticating as hezheee666@163.com
20/11/13 17:20:57 >> STARTTLS<EOL>
20/11/13 17:20:57 << 220 Ready to start TLS<EOL>
20/11/13 17:20:57 >> EHLO LAPTOP-TJFKVGKP<EOL>
20/11/13 17:20:57 << 250-mail<EOL>250-PIPELINING<EOL>250-AUTH LOGIN PLAIN <EOL>250-AUTH=LOGIN PLAIN<EOL>250-coremail 1Uxr2xKj7kG0xkI17xGrU7I0s8FY2U3Uj8Cz28x1UUUUU7Ic2I0Y2UFxgQ5SUCa0xDrUUUUj<EOL>250-STARTTLS<EOL>250 8BITMIME<EOL>
20/11/13 17:20:57 >> AUTH LOGIN<EOL>
20/11/13 17:20:57 << 334 dXNlcm5hbWU6<EOL>
20/11/13 17:20:57 >> aGV6aGVlZTY2NkAxNjMuY29t<EOL>
20/11/13 17:20:57 << 334 UGFzc3dvcmQ6<EOL>
20/11/13 17:20:57 >> RENHSUlBR0xBSlVRVE5PSQ==<EOL>
20/11/13 17:20:57 << 235 Authentication successful<EOL>
20/11/13 17:20:57 >> MAIL FROM: <hezheee666@163.com><EOL>
20/11/13 17:20:57 << 250 Mail OK<EOL>
20/11/13 17:20:57 >> RCPT TO: <1226415055@qq.com><EOL>
20/11/13 17:20:57 << 250 Mail OK<EOL>
20/11/13 17:20:57 >> DATA<EOL>
20/11/13 17:20:57 << 354 End data with <CR><LF>.<CR><LF><EOL>
20/11/13 17:20:57 >> Date: Fri, 13 Nov 2020 17:20:57 +0800<EOL>
20/11/13 17:20:57 >> To: 1226415055@qq.com<EOL>
20/11/13 17:20:57 >> Subject: hezheee666@163.com<EOL>
20/11/13 17:20:57 >> <h3>和喆 ：感谢您在我站注册了新帐号。请点击链接激活您的帐号。</h3><EOL>
20/11/13 17:20:57 >>             <p>http://www.willcloudy.com/active.php?verify=3cee53737efe10051552f62aaad6c944</p><EOL>
20/11/13 17:20:57 >>             <p>如果以上链接无法点击，请将它复制到你的浏览器地址栏中进入访问，该链接24小时内有效。<LF>
20/11/13 17:20:57 >>             如果此次激活请求非你本人所发，请忽略本邮件。</p><EOL>
20/11/13 17:20:57 >> <EOL>
20/11/13 17:20:57 >> 😀🌷用户帐号⚡激活😍🔥<LF>
20/11/13 17:20:57 >> .<EOL>
20/11/13 17:20:57 << 250 Mail OK queued as smtp3,G9xpCgBXiU_5T65fbxXMLQ--.1556S3 1605259258<EOL>
20/11/13 17:20:57 >> QUIT<EOL>
20/11/13 17:20:57 << 221 Bye<EOL>
20/11/13 17:20:57 ** Disconnecting from smtp.163.com:25
20/11/13 17:20:57 ** Disconnected.
20/11/13 17:20:57 ** Disconnected.
20/11/13 17:22:42 ** --- MESSAGE BEGIN ---
20/11/13 17:22:42 ** To: 1226415055@qq.com
20/11/13 17:22:42 ** Subject: 😀🌷用户帐号⚡激活😍🔥
20/11/13 17:22:42 ** MIME-Version: 1.0
20/11/13 17:22:42 ** Content-type:html;charset=UTF8
20/11/13 17:22:42 ** 
20/11/13 17:22:42 ** 
20/11/13 17:22:42 **             
20/11/13 17:22:42 **             <h3>和喆 ：感谢您在我站注册了新帐号。请点击链接激活您的帐号。</h3>
20/11/13 17:22:42 **             <p>http://www.willcloudy.com/active.php?verify=7666b238e057fa4c3efaf2b56cfc619b</p>
20/11/13 17:22:43 **             <p>如果以上链接无法点击，请将它复制到你的浏览器地址栏中进入访问，该链接24小时内有效。
20/11/13 17:22:43 **             如果此次激活请求非你本人所发，请忽略本邮件。</p>
20/11/13 17:22:43 **             
20/11/13 17:22:43 ** --- MESSAGE END ---
20/11/13 17:22:43 ** Connecting to smtp.163.com:25
20/11/13 17:22:43 ** Connected.
20/11/13 17:22:43 << 220 163.com Anti-spam GT for Coremail System (163com[20141201])<EOL>
20/11/13 17:22:43 >> EHLO LAPTOP-TJFKVGKP<EOL>
20/11/13 17:22:43 << 250-mail<EOL>250-PIPELINING<EOL>250-AUTH LOGIN PLAIN <EOL>250-AUTH=LOGIN PLAIN<EOL>250-coremail 1Uxr2xKj7kG0xkI17xGrU7I0s8FY2U3Uj8Cz28x1UUUUU7Ic2I0Y2UrxNXo-UCa0xDrUUUUj<EOL>250-STARTTLS<EOL>250 8BITMIME<EOL>
20/11/13 17:22:43 ** Authenticating as hezheee666@163.com
20/11/13 17:22:43 >> STARTTLS<EOL>
20/11/13 17:22:43 << 220 Ready to start TLS<EOL>
20/11/13 17:22:43 >> EHLO LAPTOP-TJFKVGKP<EOL>
20/11/13 17:22:43 << 250-mail<EOL>250-PIPELINING<EOL>250-AUTH LOGIN PLAIN <EOL>250-AUTH=LOGIN PLAIN<EOL>250-coremail 1Uxr2xKj7kG0xkI17xGrU7I0s8FY2U3Uj8Cz28x1UUUUU7Ic2I0Y2UF7mFtyUCa0xDrUUUUj<EOL>250-STARTTLS<EOL>250 8BITMIME<EOL>
20/11/13 17:22:43 >> AUTH LOGIN<EOL>
20/11/13 17:22:43 << 334 dXNlcm5hbWU6<EOL>
20/11/13 17:22:43 >> aGV6aGVlZTY2NkAxNjMuY29t<EOL>
20/11/13 17:22:43 << 334 UGFzc3dvcmQ6<EOL>
20/11/13 17:22:43 >> RENHSUlBR0xBSlVRVE5PSQ==<EOL>
20/11/13 17:22:43 << 235 Authentication successful<EOL>
20/11/13 17:22:43 >> MAIL FROM: <hezheee666@163.com><EOL>
20/11/13 17:22:43 << 250 Mail OK<EOL>
20/11/13 17:22:43 >> RCPT TO: <1226415055@qq.com><EOL>
20/11/13 17:22:43 << 250 Mail OK<EOL>
20/11/13 17:22:43 >> DATA<EOL>
20/11/13 17:22:43 << 354 End data with <CR><LF>.<CR><LF><EOL>
20/11/13 17:22:43 >> Date: Fri, 13 Nov 2020 17:22:43 +0800<EOL>
20/11/13 17:22:43 >> To: 1226415055@qq.com<EOL>
20/11/13 17:22:43 >> Subject: 😀🌷用户帐号⚡激活😍🔥<LF>
20/11/13 17:22:43 >> MIME-Version: 1.0<EOL>
20/11/13 17:22:43 >> Content-type:html;charset=UTF8<EOL>
20/11/13 17:22:43 >> <EOL>
20/11/13 17:22:43 >> <EOL>
20/11/13 17:22:43 >>             <EOL>
20/11/13 17:22:43 >>             <h3>和喆 ：感谢您在我站注册了新帐号。请点击链接激活您的帐号。</h3><EOL>
20/11/13 17:22:43 >>             <p>http://www.willcloudy.com/active.php?verify=7666b238e057fa4c3efaf2b56cfc619b</p><EOL>
20/11/13 17:22:43 >>             <p>如果以上链接无法点击，请将它复制到你的浏览器地址栏中进入访问，该链接24小时内有效。<LF>
20/11/13 17:22:43 >>             如果此次激活请求非你本人所发，请忽略本邮件。</p><EOL>
20/11/13 17:22:43 >>             <EOL>
20/11/13 17:22:43 >> .<EOL>
20/11/13 17:22:43 << 250 Mail OK queued as smtp3,G9xpCgB35J1jUK5ftT7MLQ--.1522S3 1605259364<EOL>
20/11/13 17:22:43 >> QUIT<EOL>
20/11/13 17:22:43 << 221 Bye<EOL>
20/11/13 17:22:43 ** Disconnecting from smtp.163.com:25
20/11/13 17:22:43 ** Disconnected.
20/11/13 17:22:43 ** Disconnected.
20/11/13 17:23:46 ** --- MESSAGE BEGIN ---
20/11/13 17:23:46 ** To: 1226415055@qq.com
20/11/13 17:23:46 ** Subject: 😀🌷用户帐号⚡激活😍🔥
20/11/13 17:23:46 ** MIME-Version: 1.0
20/11/13 17:23:46 ** Content-type:html;charset=UTF8
20/11/13 17:23:46 ** 
20/11/13 17:23:46 ** 
20/11/13 17:23:46 **             
20/11/13 17:23:46 **             <h3>和喆 ：感谢您在我站注册了新帐号。请点击链接激活您的帐号。</h3>
20/11/13 17:23:46 **             <p>http://www.willcloudy.com/active.php?verify=4aa7859ac02a444abedc1c1ab66e73bb</p>
20/11/13 17:23:46 **             <p>如果以上链接无法点击，请将它复制到你的浏览器地址栏中进入访问，该链接24小时内有效。
20/11/13 17:23:46 **             如果此次激活请求非你本人所发，请忽略本邮件。</p>
20/11/13 17:23:46 **             
20/11/13 17:23:46 ** --- MESSAGE END ---
20/11/13 17:23:46 ** Connecting to smtp.163.com:25
20/11/13 17:23:46 ** Connected.
20/11/13 17:23:46 << 220 163.com Anti-spam GT for Coremail System (163com[20141201])<EOL>
20/11/13 17:23:46 >> EHLO LAPTOP-TJFKVGKP<EOL>
20/11/13 17:23:46 << 250-mail<EOL>250-PIPELINING<EOL>250-AUTH LOGIN PLAIN <EOL>250-AUTH=LOGIN PLAIN<EOL>250-coremail 1Uxr2xKj7kG0xkI17xGrU7I0s8FY2U3Uj8Cz28x1UUUUU7Ic2I0Y2UFc99BbUCa0xDrUUUUj<EOL>250-STARTTLS<EOL>250 8BITMIME<EOL>
20/11/13 17:23:46 ** Authenticating as hezheee666@163.com
20/11/13 17:23:46 >> STARTTLS<EOL>
20/11/13 17:23:46 << 220 Ready to start TLS<EOL>
20/11/13 17:23:46 >> EHLO LAPTOP-TJFKVGKP<EOL>
20/11/13 17:23:46 << 250-mail<EOL>250-PIPELINING<EOL>250-AUTH LOGIN PLAIN <EOL>250-AUTH=LOGIN PLAIN<EOL>250-coremail 1Uxr2xKj7kG0xkI17xGrU7I0s8FY2U3Uj8Cz28x1UUUUU7Ic2I0Y2UFQzMkIUCa0xDrUUUUj<EOL>250-STARTTLS<EOL>250 8BITMIME<EOL>
20/11/13 17:23:46 >> AUTH LOGIN<EOL>
20/11/13 17:23:46 << 334 dXNlcm5hbWU6<EOL>
20/11/13 17:23:46 >> aGV6aGVlZTY2NkAxNjMuY29t<EOL>
20/11/13 17:23:46 << 334 UGFzc3dvcmQ6<EOL>
20/11/13 17:23:46 >> RENHSUlBR0xBSlVRVE5PSQ==<EOL>
20/11/13 17:23:47 << 235 Authentication successful<EOL>
20/11/13 17:23:47 >> MAIL FROM: <hezheee666@163.com><EOL>
20/11/13 17:23:47 << 250 Mail OK<EOL>
20/11/13 17:23:47 >> RCPT TO: <1226415055@qq.com><EOL>
20/11/13 17:23:47 << 250 Mail OK<EOL>
20/11/13 17:23:47 >> DATA<EOL>
20/11/13 17:23:47 << 354 End data with <CR><LF>.<CR><LF><EOL>
20/11/13 17:23:47 >> Date: Fri, 13 Nov 2020 17:23:47 +0800<EOL>
20/11/13 17:23:47 >> To: 1226415055@qq.com<EOL>
20/11/13 17:23:47 >> Subject: 😀🌷用户帐号⚡激活😍🔥<LF>
20/11/13 17:23:47 >> MIME-Version: 1.0<EOL>
20/11/13 17:23:47 >> Content-type:html;charset=UTF8<EOL>
20/11/13 17:23:47 >> <EOL>
20/11/13 17:23:47 >> <EOL>
20/11/13 17:23:47 >>             <EOL>
20/11/13 17:23:47 >>             <h3>和喆 ：感谢您在我站注册了新帐号。请点击链接激活您的帐号。</h3><EOL>
20/11/13 17:23:47 >>             <p>http://www.willcloudy.com/active.php?verify=4aa7859ac02a444abedc1c1ab66e73bb</p><EOL>
20/11/13 17:23:47 >>             <p>如果以上链接无法点击，请将它复制到你的浏览器地址栏中进入访问，该链接24小时内有效。<LF>
20/11/13 17:23:47 >>             如果此次激活请求非你本人所发，请忽略本邮件。</p><EOL>
20/11/13 17:23:47 >>             <EOL>
20/11/13 17:23:47 >> .<EOL>
20/11/13 17:23:47 << 250 Mail OK queued as smtp3,G9xpCgCHp1KjUK5fD1jMLQ--.1523S3 1605259427<EOL>
20/11/13 17:23:47 >> QUIT<EOL>
20/11/13 17:23:47 << 221 Bye<EOL>
20/11/13 17:23:47 ** Disconnecting from smtp.163.com:25
20/11/13 17:23:47 ** Disconnected.
20/11/13 17:23:47 ** Disconnected.
20/11/13 17:28:09 ** --- MESSAGE BEGIN ---
20/11/13 17:28:09 ** To: 1226415055@qq.com
20/11/13 17:28:09 ** Subject: 😀🌷用户帐号⚡激活😍🔥
20/11/13 17:28:09 ** HTML
20/11/13 17:28:09 ** 
20/11/13 17:28:09 ** 
20/11/13 17:28:09 **             <h3>和喆 ：感谢您在我站注册了新帐号。请点击链接激活您的帐号。</h3>
20/11/13 17:28:09 **             <p>http://www.willcloudy.com/active.php?verify=9c07d8491f592c0619a9670d137a2169</p>
20/11/13 17:28:09 **             <p>如果以上链接无法点击，请将它复制到你的浏览器地址栏中进入访问，该链接24小时内有效。
20/11/13 17:28:09 **             如果此次激活请求非你本人所发，请忽略本邮件。</p>
20/11/13 17:28:09 **             
20/11/13 17:28:09 ** --- MESSAGE END ---
20/11/13 17:28:09 ** Connecting to smtp.163.com:25
20/11/13 17:28:09 ** Connected.
20/11/13 17:28:09 << 220 163.com Anti-spam GT for Coremail System (163com[20141201])<EOL>
20/11/13 17:28:09 >> EHLO LAPTOP-TJFKVGKP<EOL>
20/11/13 17:28:09 << 250-mail<EOL>250-PIPELINING<EOL>250-AUTH LOGIN PLAIN <EOL>250-AUTH=LOGIN PLAIN<EOL>250-coremail 1Uxr2xKj7kG0xkI17xGrU7I0s8FY2U3Uj8Cz28x1UUUUU7Ic2I0Y2UFAGRCiUCa0xDrUUUUj<EOL>250-STARTTLS<EOL>250 8BITMIME<EOL>
20/11/13 17:28:09 ** Authenticating as hezheee666@163.com
20/11/13 17:28:09 >> STARTTLS<EOL>
20/11/13 17:28:09 << 220 Ready to start TLS<EOL>
20/11/13 17:28:09 >> EHLO LAPTOP-TJFKVGKP<EOL>
20/11/13 17:28:10 << 250-mail<EOL>250-PIPELINING<EOL>250-AUTH LOGIN PLAIN <EOL>250-AUTH=LOGIN PLAIN<EOL>250-coremail 1Uxr2xKj7kG0xkI17xGrU7I0s8FY2U3Uj8Cz28x1UUUUU7Ic2I0Y2UrRFIL6UCa0xDrUUUUj<EOL>250-STARTTLS<EOL>250 8BITMIME<EOL>
20/11/13 17:28:10 >> AUTH LOGIN<EOL>
20/11/13 17:28:10 << 334 dXNlcm5hbWU6<EOL>
20/11/13 17:28:10 >> aGV6aGVlZTY2NkAxNjMuY29t<EOL>
20/11/13 17:28:10 << 334 UGFzc3dvcmQ6<EOL>
20/11/13 17:28:10 >> RENHSUlBR0xBSlVRVE5PSQ==<EOL>
20/11/13 17:28:10 << 235 Authentication successful<EOL>
20/11/13 17:28:10 >> MAIL FROM: <hezheee666@163.com><EOL>
20/11/13 17:28:10 << 250 Mail OK<EOL>
20/11/13 17:28:10 >> RCPT TO: <1226415055@qq.com><EOL>
20/11/13 17:28:10 << 250 Mail OK<EOL>
20/11/13 17:28:10 >> DATA<EOL>
20/11/13 17:28:10 << 354 End data with <CR><LF>.<CR><LF><EOL>
20/11/13 17:28:10 >> Date: Fri, 13 Nov 2020 17:28:10 +0800<EOL>
20/11/13 17:28:10 >> To: 1226415055@qq.com<EOL>
20/11/13 17:28:10 >> Subject: 😀🌷用户帐号⚡激活😍🔥<LF>
20/11/13 17:28:10 >> HTML<EOL>
20/11/13 17:28:10 >> <EOL>
20/11/13 17:28:10 >> <EOL>
20/11/13 17:28:10 >>             <h3>和喆 ：感谢您在我站注册了新帐号。请点击链接激活您的帐号。</h3><EOL>
20/11/13 17:28:10 >>             <p>http://www.willcloudy.com/active.php?verify=9c07d8491f592c0619a9670d137a2169</p><EOL>
20/11/13 17:28:10 >>             <p>如果以上链接无法点击，请将它复制到你的浏览器地址栏中进入访问，该链接24小时内有效。<LF>
20/11/13 17:28:10 >>             如果此次激活请求非你本人所发，请忽略本邮件。</p><EOL>
20/11/13 17:28:10 >>             <EOL>
20/11/13 17:28:10 >> .<EOL>
20/11/13 17:28:11 << 250 Mail OK queued as smtp3,G9xpCgBHhIyqUa5f663MLQ--.1606S3 1605259692<EOL>
20/11/13 17:28:11 >> QUIT<EOL>
20/11/13 17:28:11 << 221 Bye<EOL>
20/11/13 17:28:11 ** Disconnecting from smtp.163.com:25
20/11/13 17:28:11 ** Disconnected.
20/11/13 17:28:11 ** Disconnected.
20/11/13 17:34:54 ** --- MESSAGE BEGIN ---
20/11/13 17:34:54 ** To: 1226415055@qq.com
20/11/13 17:34:54 ** Subject: 😀🌷用户帐号⚡激活😍🔥
20/11/13 17:34:54 ** Content-type: text/html; charset=utf-8
20/11/13 17:34:54 ** Content-Transfer-Encoding: 8bit
20/11/13 17:34:54 ** 
20/11/13 17:34:54 ** 
20/11/13 17:34:54 ** --- MESSAGE END ---
20/11/13 17:34:55 ** Connecting to smtp.163.com:25
20/11/13 17:34:55 ** Connected.
20/11/13 17:34:55 << 220 163.com Anti-spam GT for Coremail System (163com[20141201])<EOL>
20/11/13 17:34:55 >> EHLO LAPTOP-TJFKVGKP<EOL>
20/11/13 17:34:55 << 250-mail<EOL>250-PIPELINING<EOL>250-AUTH LOGIN PLAIN <EOL>250-AUTH=LOGIN PLAIN<EOL>250-coremail 1Uxr2xKj7kG0xkI17xGrU7I0s8FY2U3Uj8Cz28x1UUUUU7Ic2I0Y2UFCW1GNUCa0xDrUUUUj<EOL>250-STARTTLS<EOL>250 8BITMIME<EOL>
20/11/13 17:34:55 ** Authenticating as hezheee666@163.com
20/11/13 17:34:55 >> STARTTLS<EOL>
20/11/13 17:34:55 << 220 Ready to start TLS<EOL>
20/11/13 17:34:55 >> EHLO LAPTOP-TJFKVGKP<EOL>
20/11/13 17:34:55 << 250-mail<EOL>250-PIPELINING<EOL>250-AUTH LOGIN PLAIN <EOL>250-AUTH=LOGIN PLAIN<EOL>250-coremail 1Uxr2xKj7kG0xkI17xGrU7I0s8FY2U3Uj8Cz28x1UUUUU7Ic2I0Y2Ur-xhPfUCa0xDrUUUUj<EOL>250-STARTTLS<EOL>250 8BITMIME<EOL>
20/11/13 17:34:55 >> AUTH LOGIN<EOL>
20/11/13 17:34:55 << 334 dXNlcm5hbWU6<EOL>
20/11/13 17:34:55 >> aGV6aGVlZTY2NkAxNjMuY29t<EOL>
20/11/13 17:34:55 << 334 UGFzc3dvcmQ6<EOL>
20/11/13 17:34:55 >> RENHSUlBR0xBSlVRVE5PSQ==<EOL>
20/11/13 17:34:55 << 235 Authentication successful<EOL>
20/11/13 17:34:55 >> MAIL FROM: <hezheee666@163.com><EOL>
20/11/13 17:34:55 << 250 Mail OK<EOL>
20/11/13 17:34:55 >> RCPT TO: <1226415055@qq.com><EOL>
20/11/13 17:34:55 << 250 Mail OK<EOL>
20/11/13 17:34:55 >> DATA<EOL>
20/11/13 17:34:55 << 354 End data with <CR><LF>.<CR><LF><EOL>
20/11/13 17:34:55 >> Date: Fri, 13 Nov 2020 17:34:55 +0800<EOL>
20/11/13 17:34:55 >> To: 1226415055@qq.com<EOL>
20/11/13 17:34:55 >> Subject: 😀🌷用户帐号⚡激活😍🔥<LF>
20/11/13 17:34:55 >> Content-type: text/html; charset=utf-8<EOL>
20/11/13 17:34:55 >> Content-Transfer-Encoding: 8bit<EOL>
20/11/13 17:34:55 >> <EOL>
20/11/13 17:34:55 >> <EOL>
20/11/13 17:34:55 >> .<EOL>
20/11/13 17:34:55 << 250 Mail OK queued as smtp3,G9xpCgAXjrg_U65f7D_NLQ--.1536S3 1605260096<EOL>
20/11/13 17:34:55 >> QUIT<EOL>
20/11/13 17:34:55 << 221 Bye<EOL>
20/11/13 17:34:55 ** Disconnecting from smtp.163.com:25
20/11/13 17:34:55 ** Disconnected.
20/11/13 17:34:55 ** Disconnected.
20/11/13 17:40:29 ** --- MESSAGE BEGIN ---
20/11/13 17:40:29 ** To: 1226415055@qq.com
20/11/13 17:40:29 ** Subject: =?UTF-8?B?8J+YgPCfjLfnlKjmiLfluJDlj7fimqHmv4DmtLvwn5iN8J+UpQ==?=
20/11/13 17:40:29 ** Content-type: text/html; charset=utf-8
20/11/13 17:40:29 ** Content-Transfer-Encoding: 8bit
20/11/13 17:40:29 ** 
20/11/13 17:40:29 ** 
20/11/13 17:40:29 ** --- MESSAGE END ---
20/11/13 17:40:29 ** Connecting to smtp.163.com:25
20/11/13 17:40:30 ** Connected.
20/11/13 17:40:30 << 220 163.com Anti-spam GT for Coremail System (163com[20141201])<EOL>
20/11/13 17:40:30 >> EHLO LAPTOP-TJFKVGKP<EOL>
20/11/13 17:40:30 << 250-mail<EOL>250-PIPELINING<EOL>250-AUTH LOGIN PLAIN <EOL>250-AUTH=LOGIN PLAIN<EOL>250-coremail 1Uxr2xKj7kG0xkI17xGrU7I0s8FY2U3Uj8Cz28x1UUUUU7Ic2I0Y2Ur92n-YUCa0xDrUUUUj<EOL>250-STARTTLS<EOL>250 8BITMIME<EOL>
20/11/13 17:40:30 ** Authenticating as hezheee666@163.com
20/11/13 17:40:30 >> STARTTLS<EOL>
20/11/13 17:40:30 << 220 Ready to start TLS<EOL>
20/11/13 17:40:30 >> EHLO LAPTOP-TJFKVGKP<EOL>
20/11/13 17:40:30 << 250-mail<EOL>250-PIPELINING<EOL>250-AUTH LOGIN PLAIN <EOL>250-AUTH=LOGIN PLAIN<EOL>250-coremail 1Uxr2xKj7kG0xkI17xGrU7I0s8FY2U3Uj8Cz28x1UUUUU7Ic2I0Y2UF2yufvUCa0xDrUUUUj<EOL>250-STARTTLS<EOL>250 8BITMIME<EOL>
20/11/13 17:40:30 >> AUTH LOGIN<EOL>
20/11/13 17:40:30 << 334 dXNlcm5hbWU6<EOL>
20/11/13 17:40:30 >> aGV6aGVlZTY2NkAxNjMuY29t<EOL>
20/11/13 17:40:30 << 334 UGFzc3dvcmQ6<EOL>
20/11/13 17:40:30 >> RENHSUlBR0xBSlVRVE5PSQ==<EOL>
20/11/13 17:40:30 << 235 Authentication successful<EOL>
20/11/13 17:40:30 >> MAIL FROM: <hezheee666@163.com><EOL>
20/11/13 17:40:30 << 250 Mail OK<EOL>
20/11/13 17:40:30 >> RCPT TO: <1226415055@qq.com><EOL>
20/11/13 17:40:30 << 250 Mail OK<EOL>
20/11/13 17:40:30 >> DATA<EOL>
20/11/13 17:40:30 << 354 End data with <CR><LF>.<CR><LF><EOL>
20/11/13 17:40:30 >> Date: Fri, 13 Nov 2020 17:40:30 +0800<EOL>
20/11/13 17:40:30 >> To: 1226415055@qq.com<EOL>
20/11/13 17:40:30 >> Subject: =?UTF-8?B?8J+YgPCfjLfnlKjmiLfluJDlj7fimqHmv4DmtLvwn5iN8J+UpQ==?=<EOL>
20/11/13 17:40:30 >> Content-type: text/html; charset=utf-8<EOL>
20/11/13 17:40:30 >> Content-Transfer-Encoding: 8bit<EOL>
20/11/13 17:40:30 >> <EOL>
20/11/13 17:40:30 >> <EOL>
20/11/13 17:40:30 >> .<EOL>
20/11/13 17:40:30 << 250 Mail OK queued as smtp3,G9xpCgBXMZyOVK5f5sHNLQ--.1627S3 1605260430<EOL>
20/11/13 17:40:30 >> QUIT<EOL>
20/11/13 17:40:30 << 221 Bye<EOL>
20/11/13 17:40:30 ** Disconnecting from smtp.163.com:25
20/11/13 17:40:30 ** Disconnected.
20/11/13 17:40:30 ** Disconnected.
20/11/13 17:43:03 ** --- MESSAGE BEGIN ---
20/11/13 17:43:03 ** To: 1226415055@qq.com
20/11/13 17:43:03 ** Subject: =?UTF-8?B?8J+YgPCfjLfnlKjmiLfluJDlj7fimqHmv4DmtLvwn5iN8J+UpQ==?=
20/11/13 17:43:03 ** Content-type: text/html; charset=utf-8
20/11/13 17:43:03 ** Content-Transfer-Encoding: 8bit
20/11/13 17:43:03 ** 
20/11/13 17:43:03 ** 
20/11/13 17:43:03 ** --- MESSAGE END ---
20/11/13 17:43:03 ** Connecting to smtp.163.com:25
20/11/13 17:43:04 ** Connected.
20/11/13 17:43:04 << 220 163.com Anti-spam GT for Coremail System (163com[20141201])<EOL>
20/11/13 17:43:04 >> EHLO LAPTOP-TJFKVGKP<EOL>
20/11/13 17:43:04 << 250-mail<EOL>250-PIPELINING<EOL>250-AUTH LOGIN PLAIN <EOL>250-AUTH=LOGIN PLAIN<EOL>250-coremail 1Uxr2xKj7kG0xkI17xGrU7I0s8FY2U3Uj8Cz28x1UUUUU7Ic2I0Y2UFpza-WUCa0xDrUUUUj<EOL>250-STARTTLS<EOL>250 8BITMIME<EOL>
20/11/13 17:43:04 ** Authenticating as hezheee666@163.com
20/11/13 17:43:04 >> STARTTLS<EOL>
20/11/13 17:43:04 << 220 Ready to start TLS<EOL>
20/11/13 17:43:04 >> EHLO LAPTOP-TJFKVGKP<EOL>
20/11/13 17:43:04 << 250-mail<EOL>250-PIPELINING<EOL>250-AUTH LOGIN PLAIN <EOL>250-AUTH=LOGIN PLAIN<EOL>250-coremail 1Uxr2xKj7kG0xkI17xGrU7I0s8FY2U3Uj8Cz28x1UUUUU7Ic2I0Y2UF0xtNRUCa0xDrUUUUj<EOL>250-STARTTLS<EOL>250 8BITMIME<EOL>
20/11/13 17:43:04 >> AUTH LOGIN<EOL>
20/11/13 17:43:04 << 334 dXNlcm5hbWU6<EOL>
20/11/13 17:43:04 >> aGV6aGVlZTY2NkAxNjMuY29t<EOL>
20/11/13 17:43:04 << 334 UGFzc3dvcmQ6<EOL>
20/11/13 17:43:04 >> RENHSUlBR0xBSlVRVE5PSQ==<EOL>
20/11/13 17:43:04 << 235 Authentication successful<EOL>
20/11/13 17:43:04 >> MAIL FROM: <hezheee666@163.com><EOL>
20/11/13 17:43:04 << 250 Mail OK<EOL>
20/11/13 17:43:04 >> RCPT TO: <1226415055@qq.com><EOL>
20/11/13 17:43:04 << 250 Mail OK<EOL>
20/11/13 17:43:04 >> DATA<EOL>
20/11/13 17:43:04 << 354 End data with <CR><LF>.<CR><LF><EOL>
20/11/13 17:43:04 >> Date: Fri, 13 Nov 2020 17:43:04 +0800<EOL>
20/11/13 17:43:04 >> To: 1226415055@qq.com<EOL>
20/11/13 17:43:04 >> Subject: =?UTF-8?B?8J+YgPCfjLfnlKjmiLfluJDlj7fimqHmv4DmtLvwn5iN8J+UpQ==?=<EOL>
20/11/13 17:43:04 >> Content-type: text/html; charset=utf-8<EOL>
20/11/13 17:43:04 >> Content-Transfer-Encoding: 8bit<EOL>
20/11/13 17:43:04 >> <EOL>
20/11/13 17:43:04 >> <EOL>
20/11/13 17:43:04 >> .<EOL>
20/11/13 17:43:04 << 250 Mail OK queued as smtp3,G9xpCgBX2HMoVa5fawPOLQ--.1587S3 1605260585<EOL>
20/11/13 17:43:04 >> QUIT<EOL>
20/11/13 17:43:04 << 221 Bye<EOL>
20/11/13 17:43:04 ** Disconnecting from smtp.163.com:25
20/11/13 17:43:04 ** Disconnected.
20/11/13 17:43:04 ** Disconnected.
20/11/13 17:43:55 ** --- MESSAGE BEGIN ---
20/11/13 17:43:55 ** To: 1226415055@qq.com
20/11/13 17:43:55 ** Subject: =?UTF-8?B?8J+YgPCfjLfnlKjmiLfluJDlj7fimqHmv4DmtLvwn5iN8J+UpQ==?=
20/11/13 17:43:55 ** Content-type: text/html; charset=utf-8
20/11/13 17:43:55 ** Content-Transfer-Encoding: 8bit
20/11/13 17:43:55 ** 
20/11/13 17:43:55 ** 
20/11/13 17:43:55 **             和喆 ：感谢您在我站注册了新帐号。请点击链接激活您的帐号。
20/11/13 17:43:55 **             
20/11/13 17:43:55 **             http://www.willcloudy.com/active.php?verify=d0c4d7812f8dd5e89720f0bf8a259f15
20/11/13 17:43:55 **             
20/11/13 17:43:55 **             
20/11/13 17:43:55 **             如果以上链接无法点击，请将它复制到你的浏览器地址栏中进入访问，该链接24小时内有效。如果此次激活请求非你本人所发，请忽略本邮件
20/11/13 17:43:55 ** --- MESSAGE END ---
20/11/13 17:43:55 ** Connecting to smtp.163.com:25
20/11/13 17:43:55 ** Connected.
20/11/13 17:43:55 << 220 163.com Anti-spam GT for Coremail System (163com[20141201])<EOL>
20/11/13 17:43:55 >> EHLO LAPTOP-TJFKVGKP<EOL>
20/11/13 17:43:55 << 250-mail<EOL>250-PIPELINING<EOL>250-AUTH LOGIN PLAIN <EOL>250-AUTH=LOGIN PLAIN<EOL>250-coremail 1Uxr2xKj7kG0xkI17xGrU7I0s8FY2U3Uj8Cz28x1UUUUU7Ic2I0Y2UFDfqkHUCa0xDrUUUUj<EOL>250-STARTTLS<EOL>250 8BITMIME<EOL>
20/11/13 17:43:55 ** Authenticating as hezheee666@163.com
20/11/13 17:43:55 >> STARTTLS<EOL>
20/11/13 17:43:55 << 220 Ready to start TLS<EOL>
20/11/13 17:43:55 >> EHLO LAPTOP-TJFKVGKP<EOL>
20/11/13 17:43:55 << 250-mail<EOL>250-PIPELINING<EOL>250-AUTH LOGIN PLAIN <EOL>250-AUTH=LOGIN PLAIN<EOL>250-coremail 1Uxr2xKj7kG0xkI17xGrU7I0s8FY2U3Uj8Cz28x1UUUUU7Ic2I0Y2UrVE7YPUCa0xDrUUUUj<EOL>250-STARTTLS<EOL>250 8BITMIME<EOL>
20/11/13 17:43:55 >> AUTH LOGIN<EOL>
20/11/13 17:43:55 << 334 dXNlcm5hbWU6<EOL>
20/11/13 17:43:55 >> aGV6aGVlZTY2NkAxNjMuY29t<EOL>
20/11/13 17:43:55 << 334 UGFzc3dvcmQ6<EOL>
20/11/13 17:43:55 >> RENHSUlBR0xBSlVRVE5PSQ==<EOL>
20/11/13 17:43:55 << 235 Authentication successful<EOL>
20/11/13 17:43:55 >> MAIL FROM: <hezheee666@163.com><EOL>
20/11/13 17:43:55 << 250 Mail OK<EOL>
20/11/13 17:43:55 >> RCPT TO: <1226415055@qq.com><EOL>
20/11/13 17:43:55 << 250 Mail OK<EOL>
20/11/13 17:43:55 >> DATA<EOL>
20/11/13 17:43:55 << 354 End data with <CR><LF>.<CR><LF><EOL>
20/11/13 17:43:56 >> Date: Fri, 13 Nov 2020 17:43:55 +0800<EOL>
20/11/13 17:43:56 >> To: 1226415055@qq.com<EOL>
20/11/13 17:43:56 >> Subject: =?UTF-8?B?8J+YgPCfjLfnlKjmiLfluJDlj7fimqHmv4DmtLvwn5iN8J+UpQ==?=<EOL>
20/11/13 17:43:56 >> Content-type: text/html; charset=utf-8<EOL>
20/11/13 17:43:56 >> Content-Transfer-Encoding: 8bit<EOL>
20/11/13 17:43:56 >> <EOL>
20/11/13 17:43:56 >> <EOL>
20/11/13 17:43:56 >>             和喆 ：感谢您在我站注册了新帐号。请点击链接激活您的帐号。<LF>
20/11/13 17:43:56 >>             <EOL>
20/11/13 17:43:56 >>             http://www.willcloudy.com/active.php?verify=d0c4d7812f8dd5e89720f0bf8a259f15<EOL>
20/11/13 17:43:56 >>             <EOL>
20/11/13 17:43:56 >>             <EOL>
20/11/13 17:43:56 >>             如果以上链接无法点击，请将它复制到你的浏览器地址栏中进入访问，该链接24小时内有效。如果此次激活请求非你本人所发，请忽略本邮件<EOL>
20/11/13 17:43:56 >> .<EOL>
20/11/13 17:43:56 << 250 Mail OK queued as smtp3,G9xpCgBXj3tcVa5fMhfOLQ--.1538S3 1605260637<EOL>
20/11/13 17:43:56 >> QUIT<EOL>
20/11/13 17:43:56 << 221 Bye<EOL>
20/11/13 17:43:56 ** Disconnecting from smtp.163.com:25
20/11/13 17:43:56 ** Disconnected.
20/11/13 17:43:56 ** Disconnected.
20/11/13 17:44:46 ** --- MESSAGE BEGIN ---
20/11/13 17:44:46 ** To: 1226415055@qq.com
20/11/13 17:44:46 ** Subject: =?UTF-8?B?8J+YgPCfjLfnlKjmiLfluJDlj7fimqHmv4DmtLvwn5iN8J+UpQ==?=
20/11/13 17:44:46 ** Content-type: text/html; charset=utf-8
20/11/13 17:44:46 ** Content-Transfer-Encoding: 8bit
20/11/13 17:44:46 ** 
20/11/13 17:44:46 ** 
20/11/13 17:44:46 **             和喆 ：感谢您在我站注册了新帐号。请点击链接激活您的帐号。
20/11/13 17:44:46 **             
20/11/13 17:44:46 **             
20/11/13 17:44:46 **             http://www.willcloudy.com/active.php?verify=00074920aa52cb1e4ec0b48fd0092d75
20/11/13 17:44:46 **             
20/11/13 17:44:46 **             
20/11/13 17:44:46 **             如果以上链接无法点击，请将它复制到你的浏览器地址栏中进入访问，该链接24小时内有效。
20/11/13 17:44:46 **             
20/11/13 17:44:46 **             
20/11/13 17:44:46 **             如果此次激活请求非你本人所发，请忽略本邮件
20/11/13 17:44:46 ** --- MESSAGE END ---
20/11/13 17:44:46 ** Connecting to smtp.163.com:25
20/11/13 17:44:47 ** Connected.
20/11/13 17:44:47 << 220 163.com Anti-spam GT for Coremail System (163com[20141201])<EOL>
20/11/13 17:44:47 >> EHLO LAPTOP-TJFKVGKP<EOL>
20/11/13 17:44:47 << 250-mail<EOL>250-PIPELINING<EOL>250-AUTH LOGIN PLAIN <EOL>250-AUTH=LOGIN PLAIN<EOL>250-coremail 1Uxr2xKj7kG0xkI17xGrU7I0s8FY2U3Uj8Cz28x1UUUUU7Ic2I0Y2UFLuwNUUCa0xDrUUUUj<EOL>250-STARTTLS<EOL>250 8BITMIME<EOL>
20/11/13 17:44:47 ** Authenticating as hezheee666@163.com
20/11/13 17:44:47 >> STARTTLS<EOL>
20/11/13 17:44:47 << 220 Ready to start TLS<EOL>
20/11/13 17:44:47 >> EHLO LAPTOP-TJFKVGKP<EOL>
20/11/13 17:44:47 << 250-mail<EOL>250-PIPELINING<EOL>250-AUTH LOGIN PLAIN <EOL>250-AUTH=LOGIN PLAIN<EOL>250-coremail 1Uxr2xKj7kG0xkI17xGrU7I0s8FY2U3Uj8Cz28x1UUUUU7Ic2I0Y2UrrWQBIUCa0xDrUUUUj<EOL>250-STARTTLS<EOL>250 8BITMIME<EOL>
20/11/13 17:44:47 >> AUTH LOGIN<EOL>
20/11/13 17:44:47 << 334 dXNlcm5hbWU6<EOL>
20/11/13 17:44:47 >> aGV6aGVlZTY2NkAxNjMuY29t<EOL>
20/11/13 17:44:47 << 334 UGFzc3dvcmQ6<EOL>
20/11/13 17:44:47 >> RENHSUlBR0xBSlVRVE5PSQ==<EOL>
20/11/13 17:44:47 << 235 Authentication successful<EOL>
20/11/13 17:44:47 >> MAIL FROM: <hezheee666@163.com><EOL>
20/11/13 17:44:47 << 250 Mail OK<EOL>
20/11/13 17:44:47 >> RCPT TO: <1226415055@qq.com><EOL>
20/11/13 17:44:47 << 250 Mail OK<EOL>
20/11/13 17:44:47 >> DATA<EOL>
20/11/13 17:44:47 << 354 End data with <CR><LF>.<CR><LF><EOL>
20/11/13 17:44:47 >> Date: Fri, 13 Nov 2020 17:44:47 +0800<EOL>
20/11/13 17:44:47 >> To: 1226415055@qq.com<EOL>
20/11/13 17:44:47 >> Subject: =?UTF-8?B?8J+YgPCfjLfnlKjmiLfluJDlj7fimqHmv4DmtLvwn5iN8J+UpQ==?=<EOL>
20/11/13 17:44:47 >> Content-type: text/html; charset=utf-8<EOL>
20/11/13 17:44:47 >> Content-Transfer-Encoding: 8bit<EOL>
20/11/13 17:44:47 >> <EOL>
20/11/13 17:44:47 >> <EOL>
20/11/13 17:44:47 >>             和喆 ：感谢您在我站注册了新帐号。请点击链接激活您的帐号。<LF>
20/11/13 17:44:47 >>             <EOL>
20/11/13 17:44:47 >>             <EOL>
20/11/13 17:44:47 >>             http://www.willcloudy.com/active.php?verify=00074920aa52cb1e4ec0b48fd0092d75<EOL>
20/11/13 17:44:47 >>             <EOL>
20/11/13 17:44:47 >>             <EOL>
20/11/13 17:44:47 >>             如果以上链接无法点击，请将它复制到你的浏览器地址栏中进入访问，该链接24小时内有效。<LF>
20/11/13 17:44:47 >>             <EOL>
20/11/13 17:44:47 >>             <EOL>
20/11/13 17:44:47 >>             如果此次激活请求非你本人所发，请忽略本邮件<EOL>
20/11/13 17:44:47 >> .<EOL>
20/11/13 17:44:47 << 250 Mail OK queued as smtp3,G9xpCgA3EHyPVa5fxy3OLQ--.1647S3 1605260688<EOL>
20/11/13 17:44:47 >> QUIT<EOL>
20/11/13 17:44:47 << 221 Bye<EOL>
20/11/13 17:44:47 ** Disconnecting from smtp.163.com:25
20/11/13 17:44:47 ** Disconnected.
20/11/13 17:44:47 ** Disconnected.
20/11/13 17:50:23 ** --- MESSAGE BEGIN ---
20/11/13 17:50:23 ** To: 1226415055@qq.com
20/11/13 17:50:23 ** Subject: =?UTF-8?B?8J+YgPCfjLfnlKjmiLfluJDlj7fimqHmv4DmtLvwn5iN8J+UpQ==?=
20/11/13 17:50:23 ** Content-type: text/html; charset=utf-8
20/11/13 17:50:23 ** Content-Transfer-Encoding: 8bit
20/11/13 17:50:23 ** 
20/11/13 17:50:23 ** 
20/11/13 17:50:23 **             和喆 ：感谢您在我站注册了新帐号。请点击链接激活您的帐号。
20/11/13 17:50:23 **             <br>
20/11/13 17:50:23 **             <br>
20/11/13 17:50:23 **             http://www.willcloudy.com/active.php?verify=85d19c57159bb31e745add0d758c0664
20/11/13 17:50:23 **             <br>
20/11/13 17:50:23 **             <br>
20/11/13 17:50:23 **             如果以上链接无法点击，请将它复制到你的浏览器地址栏中进入访问，该链接24小时内有效。如果此次激活请求非你本人所发，请忽略本邮件
20/11/13 17:50:23 ** --- MESSAGE END ---
20/11/13 17:50:23 ** Connecting to smtp.163.com:25
20/11/13 17:50:24 ** Connected.
20/11/13 17:50:24 << 220 163.com Anti-spam GT for Coremail System (163com[20141201])<EOL>
20/11/13 17:50:24 >> EHLO LAPTOP-TJFKVGKP<EOL>
20/11/13 17:50:24 << 250-mail<EOL>250-PIPELINING<EOL>250-AUTH LOGIN PLAIN <EOL>250-AUTH=LOGIN PLAIN<EOL>250-coremail 1Uxr2xKj7kG0xkI17xGrU7I0s8FY2U3Uj8Cz28x1UUUUU7Ic2I0Y2UFy3OnlUCa0xDrUUUUj<EOL>250-STARTTLS<EOL>250 8BITMIME<EOL>
20/11/13 17:50:24 ** Authenticating as hezheee666@163.com
20/11/13 17:50:24 >> STARTTLS<EOL>
20/11/13 17:50:24 << 220 Ready to start TLS<EOL>
20/11/13 17:50:24 >> EHLO LAPTOP-TJFKVGKP<EOL>
20/11/13 17:50:24 << 250-mail<EOL>250-PIPELINING<EOL>250-AUTH LOGIN PLAIN <EOL>250-AUTH=LOGIN PLAIN<EOL>250-coremail 1Uxr2xKj7kG0xkI17xGrU7I0s8FY2U3Uj8Cz28x1UUUUU7Ic2I0Y2UF9UVhcUCa0xDrUUUUj<EOL>250-STARTTLS<EOL>250 8BITMIME<EOL>
20/11/13 17:50:24 >> AUTH LOGIN<EOL>
20/11/13 17:50:24 << 334 dXNlcm5hbWU6<EOL>
20/11/13 17:50:24 >> aGV6aGVlZTY2NkAxNjMuY29t<EOL>
20/11/13 17:50:24 << 334 UGFzc3dvcmQ6<EOL>
20/11/13 17:50:24 >> RENHSUlBR0xBSlVRVE5PSQ==<EOL>
20/11/13 17:50:24 << 235 Authentication successful<EOL>
20/11/13 17:50:24 >> MAIL FROM: <hezheee666@163.com><EOL>
20/11/13 17:50:24 << 250 Mail OK<EOL>
20/11/13 17:50:24 >> RCPT TO: <1226415055@qq.com><EOL>
20/11/13 17:50:24 << 250 Mail OK<EOL>
20/11/13 17:50:24 >> DATA<EOL>
20/11/13 17:50:24 << 354 End data with <CR><LF>.<CR><LF><EOL>
20/11/13 17:50:24 >> Date: Fri, 13 Nov 2020 17:50:24 +0800<EOL>
20/11/13 17:50:24 >> To: 1226415055@qq.com<EOL>
20/11/13 17:50:24 >> Subject: =?UTF-8?B?8J+YgPCfjLfnlKjmiLfluJDlj7fimqHmv4DmtLvwn5iN8J+UpQ==?=<EOL>
20/11/13 17:50:24 >> Content-type: text/html; charset=utf-8<EOL>
20/11/13 17:50:24 >> Content-Transfer-Encoding: 8bit<EOL>
20/11/13 17:50:24 >> <EOL>
20/11/13 17:50:24 >> <EOL>
20/11/13 17:50:24 >>             和喆 ：感谢您在我站注册了新帐号。请点击链接激活您的帐号。<LF>
20/11/13 17:50:24 >>             <br><EOL>
20/11/13 17:50:24 >>             <br><EOL>
20/11/13 17:50:24 >>             http://www.willcloudy.com/active.php?verify=85d19c57159bb31e745add0d758c0664<EOL>
20/11/13 17:50:24 >>             <br><EOL>
20/11/13 17:50:24 >>             <br><EOL>
20/11/13 17:50:24 >>             如果以上链接无法点击，请将它复制到你的浏览器地址栏中进入访问，该链接24小时内有效。如果此次激活请求非你本人所发，请忽略本邮件<EOL>
20/11/13 17:50:24 >> .<EOL>
20/11/13 17:50:24 << 250 Mail OK queued as smtp3,G9xpCgD3qoHgVq5fNsnOLQ--.1658S3 1605261025<EOL>
20/11/13 17:50:24 >> QUIT<EOL>
20/11/13 17:50:24 << 221 Bye<EOL>
20/11/13 17:50:24 ** Disconnecting from smtp.163.com:25
20/11/13 17:50:24 ** Disconnected.
20/11/13 17:50:24 ** Disconnected.
20/11/13 18:04:15 ** --- MESSAGE BEGIN ---
20/11/13 18:04:15 ** To: 1226415055@qq.com
20/11/13 18:04:15 ** Subject: =?UTF-8?B?8J+YgPCfjLfnlKjmiLfluJDlj7fimqHmv4DmtLvwn5iN8J+UpQ==?=
20/11/13 18:04:15 ** Content-type: text/html; charset=utf-8
20/11/13 18:04:15 ** Content-Transfer-Encoding: 8bit
20/11/13 18:04:15 ** 
20/11/13 18:04:15 ** 
20/11/13 18:04:15 **             mark ：感谢您在我站注册了新帐号。请点击链接激活您的帐号。
20/11/13 18:04:16 **             <br>
20/11/13 18:04:16 **             <br>
20/11/13 18:04:16 **             http://www.willcloudy.com/active.php?verify=c1e27d5d592eed9e8edfed6073acf530
20/11/13 18:04:16 **             <br>
20/11/13 18:04:16 **             <br>
20/11/13 18:04:16 **             如果以上链接无法点击，请将它复制到你的浏览器地址栏中进入访问，该链接24小时内有效。如果此次激活请求非你本人所发，请忽略本邮件
20/11/13 18:04:16 ** --- MESSAGE END ---
20/11/13 18:04:16 ** Connecting to smtp.163.com:25
20/11/13 18:04:16 ** Connected.
20/11/13 18:04:16 << 220 163.com Anti-spam GT for Coremail System (163com[20141201])<EOL>
20/11/13 18:04:16 >> EHLO LAPTOP-TJFKVGKP<EOL>
20/11/13 18:04:16 << 250-mail<EOL>250-PIPELINING<EOL>250-AUTH LOGIN PLAIN <EOL>250-AUTH=LOGIN PLAIN<EOL>250-coremail 1Uxr2xKj7kG0xkI17xGrU7I0s8FY2U3Uj8Cz28x1UUUUU7Ic2I0Y2UFGemszUCa0xDrUUUUj<EOL>250-STARTTLS<EOL>250 8BITMIME<EOL>
20/11/13 18:04:16 ** Authenticating as hezheee666@163.com
20/11/13 18:04:16 >> STARTTLS<EOL>
20/11/13 18:04:16 << 220 Ready to start TLS<EOL>
20/11/13 18:04:16 >> EHLO LAPTOP-TJFKVGKP<EOL>
20/11/13 18:04:16 << 250-mail<EOL>250-PIPELINING<EOL>250-AUTH LOGIN PLAIN <EOL>250-AUTH=LOGIN PLAIN<EOL>250-coremail 1Uxr2xKj7kG0xkI17xGrU7I0s8FY2U3Uj8Cz28x1UUUUU7Ic2I0Y2UF4WikVUCa0xDrUUUUj<EOL>250-STARTTLS<EOL>250 8BITMIME<EOL>
20/11/13 18:04:16 >> AUTH LOGIN<EOL>
20/11/13 18:04:16 << 334 dXNlcm5hbWU6<EOL>
20/11/13 18:04:16 >> aGV6aGVlZTY2NkAxNjMuY29t<EOL>
20/11/13 18:04:16 << 334 UGFzc3dvcmQ6<EOL>
20/11/13 18:04:16 >> RENHSUlBR0xBSlVRVE5PSQ==<EOL>
20/11/13 18:04:16 << 235 Authentication successful<EOL>
20/11/13 18:04:16 >> MAIL FROM: <hezheee666@163.com><EOL>
20/11/13 18:04:17 << 250 Mail OK<EOL>
20/11/13 18:04:17 >> RCPT TO: <1226415055@qq.com><EOL>
20/11/13 18:04:17 << 250 Mail OK<EOL>
20/11/13 18:04:17 >> DATA<EOL>
20/11/13 18:04:17 << 354 End data with <CR><LF>.<CR><LF><EOL>
20/11/13 18:04:17 >> Date: Fri, 13 Nov 2020 18:04:17 +0800<EOL>
20/11/13 18:04:17 >> To: 1226415055@qq.com<EOL>
20/11/13 18:04:17 >> Subject: =?UTF-8?B?8J+YgPCfjLfnlKjmiLfluJDlj7fimqHmv4DmtLvwn5iN8J+UpQ==?=<EOL>
20/11/13 18:04:17 >> Content-type: text/html; charset=utf-8<EOL>
20/11/13 18:04:17 >> Content-Transfer-Encoding: 8bit<EOL>
20/11/13 18:04:17 >> <EOL>
20/11/13 18:04:17 >> <EOL>
20/11/13 18:04:17 >>             mark ：感谢您在我站注册了新帐号。请点击链接激活您的帐号。<LF>
20/11/13 18:04:17 >>             <br><EOL>
20/11/13 18:04:17 >>             <br><EOL>
20/11/13 18:04:17 >>             http://www.willcloudy.com/active.php?verify=c1e27d5d592eed9e8edfed6073acf530<EOL>
20/11/13 18:04:17 >>             <br><EOL>
20/11/13 18:04:17 >>             <br><EOL>
20/11/13 18:04:17 >>             如果以上链接无法点击，请将它复制到你的浏览器地址栏中进入访问，该链接24小时内有效。如果此次激活请求非你本人所发，请忽略本邮件<EOL>
20/11/13 18:04:17 >> .<EOL>
20/11/13 18:04:17 << 250 Mail OK queued as smtp1,GdxpCgDXLEAgWq5fLqcFAA--.1295S3 1605261858<EOL>
20/11/13 18:04:17 >> QUIT<EOL>
20/11/13 18:04:17 << 221 Bye<EOL>
20/11/13 18:04:17 ** Disconnecting from smtp.163.com:25
20/11/13 18:04:17 ** Disconnected.
20/11/13 18:04:17 ** Disconnected.
20/11/13 18:05:43 ** --- MESSAGE BEGIN ---
20/11/13 18:05:43 ** To: dwad@dawdc.ca
20/11/13 18:05:43 ** Subject: =?UTF-8?B?8J+YgPCfjLfnlKjmiLfluJDlj7fimqHmv4DmtLvwn5iN8J+UpQ==?=
20/11/13 18:05:43 ** Content-type: text/html; charset=utf-8
20/11/13 18:05:43 ** Content-Transfer-Encoding: 8bit
20/11/13 18:05:43 ** 
20/11/13 18:05:43 ** 
20/11/13 18:05:43 **             dawd ：感谢您在我站注册了新帐号。请点击链接激活您的帐号。
20/11/13 18:05:43 **             <br>
20/11/13 18:05:43 **             <br>
20/11/13 18:05:43 **             http://www.willcloudy.com/active.php?verify=4983c0ab33ce0a25aeb8f3f9cd42da9e
20/11/13 18:05:43 **             <br>
20/11/13 18:05:43 **             <br>
20/11/13 18:05:43 **             如果以上链接无法点击，请将它复制到你的浏览器地址栏中进入访问，该链接24小时内有效。如果此次激活请求非你本人所发，请忽略本邮件
20/11/13 18:05:43 ** --- MESSAGE END ---
20/11/13 18:05:43 ** Connecting to smtp.163.com:25
20/11/13 18:05:43 ** Connected.
20/11/13 18:05:43 << 220 163.com Anti-spam GT for Coremail System (163com[20141201])<EOL>
20/11/13 18:05:43 >> EHLO LAPTOP-TJFKVGKP<EOL>
20/11/13 18:05:43 << 250-mail<EOL>250-PIPELINING<EOL>250-AUTH LOGIN PLAIN <EOL>250-AUTH=LOGIN PLAIN<EOL>250-coremail 1Uxr2xKj7kG0xkI17xGrU7I0s8FY2U3Uj8Cz28x1UUUUU7Ic2I0Y2UrHdL7JUCa0xDrUUUUj<EOL>250-STARTTLS<EOL>250 8BITMIME<EOL>
20/11/13 18:05:43 ** Authenticating as hezheee666@163.com
20/11/13 18:05:43 >> STARTTLS<EOL>
20/11/13 18:05:43 << 220 Ready to start TLS<EOL>
20/11/13 18:05:43 >> EHLO LAPTOP-TJFKVGKP<EOL>
20/11/13 18:05:43 << 250-mail<EOL>250-PIPELINING<EOL>250-AUTH LOGIN PLAIN <EOL>250-AUTH=LOGIN PLAIN<EOL>250-coremail 1Uxr2xKj7kG0xkI17xGrU7I0s8FY2U3Uj8Cz28x1UUUUU7Ic2I0Y2UFbSSAzUCa0xDrUUUUj<EOL>250-STARTTLS<EOL>250 8BITMIME<EOL>
20/11/13 18:05:43 >> AUTH LOGIN<EOL>
20/11/13 18:05:43 << 334 dXNlcm5hbWU6<EOL>
20/11/13 18:05:43 >> aGV6aGVlZTY2NkAxNjMuY29t<EOL>
20/11/13 18:05:43 << 334 UGFzc3dvcmQ6<EOL>
20/11/13 18:05:43 >> RENHSUlBR0xBSlVRVE5PSQ==<EOL>
20/11/13 18:05:43 << 235 Authentication successful<EOL>
20/11/13 18:05:43 >> MAIL FROM: <hezheee666@163.com><EOL>
20/11/13 18:05:44 << 250 Mail OK<EOL>
20/11/13 18:05:44 >> RCPT TO: <dwad@dawdc.ca><EOL>
20/11/13 18:05:44 << 250 Mail OK<EOL>
20/11/13 18:05:44 >> DATA<EOL>
20/11/13 18:05:44 << 354 End data with <CR><LF>.<CR><LF><EOL>
20/11/13 18:05:44 >> Date: Fri, 13 Nov 2020 18:05:44 +0800<EOL>
20/11/13 18:05:44 >> To: dwad@dawdc.ca<EOL>
20/11/13 18:05:44 >> Subject: =?UTF-8?B?8J+YgPCfjLfnlKjmiLfluJDlj7fimqHmv4DmtLvwn5iN8J+UpQ==?=<EOL>
20/11/13 18:05:44 >> Content-type: text/html; charset=utf-8<EOL>
20/11/13 18:05:44 >> Content-Transfer-Encoding: 8bit<EOL>
20/11/13 18:05:44 >> <EOL>
20/11/13 18:05:44 >> <EOL>
20/11/13 18:05:44 >>             dawd ：感谢您在我站注册了新帐号。请点击链接激活您的帐号。<LF>
20/11/13 18:05:44 >>             <br><EOL>
20/11/13 18:05:44 >>             <br><EOL>
20/11/13 18:05:44 >>             http://www.willcloudy.com/active.php?verify=4983c0ab33ce0a25aeb8f3f9cd42da9e<EOL>
20/11/13 18:05:44 >>             <br><EOL>
20/11/13 18:05:44 >>             <br><EOL>
20/11/13 18:05:44 >>             如果以上链接无法点击，请将它复制到你的浏览器地址栏中进入访问，该链接24小时内有效。如果此次激活请求非你本人所发，请忽略本邮件<EOL>
20/11/13 18:05:44 >> .<EOL>
20/11/13 18:05:44 << 250 Mail OK queued as smtp1,GdxpCgAXR0J3Wq5fptoFAA--.1394S3 1605261944<EOL>
20/11/13 18:05:44 >> QUIT<EOL>
20/11/13 18:05:44 << 221 Bye<EOL>
20/11/13 18:05:44 ** Disconnecting from smtp.163.com:25
20/11/13 18:05:44 ** Disconnected.
20/11/13 18:05:44 ** Disconnected.
20/11/13 21:27:12 ** --- MESSAGE BEGIN ---
20/11/13 21:27:12 ** To: 1536862150@qq.com
20/11/13 21:27:12 ** Subject: =?UTF-8?B?8J+YgPCfjLfnlKjmiLfluJDlj7fimqHmv4DmtLvwn5iN8J+UpQ==?=
20/11/13 21:27:12 ** Content-type: text/html; charset=utf-8
20/11/13 21:27:12 ** Content-Transfer-Encoding: 8bit
20/11/13 21:27:12 ** 
20/11/13 21:27:12 ** 
20/11/13 21:27:12 **             MaxJiao ：感谢您在我站注册了新帐号。请点击链接激活您的帐号。
20/11/13 21:27:12 **             <br>
20/11/13 21:27:12 **             <br>
20/11/13 21:27:12 **             http://www.willcloudy.com/active.php?verify=c2a294856ed0dce6b56d4a9594bd9eed
20/11/13 21:27:12 **             <br>
20/11/13 21:27:12 **             <br>
20/11/13 21:27:12 **             如果以上链接无法点击，请将它复制到你的浏览器地址栏中进入访问，该链接24小时内有效。如果此次激活请求非你本人所发，请忽略本邮件
20/11/13 21:27:12 ** --- MESSAGE END ---
20/11/13 21:27:12 ** Connecting to smtp.163.com:25
20/11/13 21:27:12 ** Connected.
20/11/13 21:27:12 << 220 163.com Anti-spam GT for Coremail System (163com[20141201])<EOL>
20/11/13 21:27:12 >> EHLO LAPTOP-TJFKVGKP<EOL>
20/11/13 21:27:12 << 250-mail<EOL>250-PIPELINING<EOL>250-AUTH LOGIN PLAIN<EOL>250-AUTH=LOGIN PLAIN<EOL>250-coremail 1Uxr2xKj7kG0xkI17xGrU7I0s8FY2U3Uj8Cz28x1UUUUU7Ic2I0Y2Ur8BdDaUCa0xDrUUUUj<EOL>250-STARTTLS<EOL>250 8BITMIME<EOL>
20/11/13 21:27:12 ** Authenticating as hezheee666@163.com
20/11/13 21:27:12 >> STARTTLS<EOL>
20/11/13 21:27:12 << 220 Ready to start TLS<EOL>
20/11/13 21:27:12 >> EHLO LAPTOP-TJFKVGKP<EOL>
20/11/13 21:27:12 << 250-mail<EOL>250-PIPELINING<EOL>250-AUTH LOGIN PLAIN<EOL>250-AUTH=LOGIN PLAIN<EOL>250-coremail 1Uxr2xKj7kG0xkI17xGrU7I0s8FY2U3Uj8Cz28x1UUUUU7Ic2I0Y2UrMnPuyUCa0xDrUUUUj<EOL>250-STARTTLS<EOL>250 8BITMIME<EOL>
20/11/13 21:27:12 >> AUTH LOGIN<EOL>
20/11/13 21:27:12 << 334 dXNlcm5hbWU6<EOL>
20/11/13 21:27:12 >> aGV6aGVlZTY2NkAxNjMuY29t<EOL>
20/11/13 21:27:12 << 334 UGFzc3dvcmQ6<EOL>
20/11/13 21:27:12 >> RENHSUlBR0xBSlVRVE5PSQ==<EOL>
20/11/13 21:27:13 << 235 Authentication successful<EOL>
20/11/13 21:27:13 >> MAIL FROM: <hezheee666@163.com><EOL>
20/11/13 21:27:13 << 250 Mail OK<EOL>
20/11/13 21:27:13 >> RCPT TO: <1536862150@qq.com><EOL>
20/11/13 21:27:13 << 250 Mail OK<EOL>
20/11/13 21:27:13 >> DATA<EOL>
20/11/13 21:27:13 << 354 End data with <CR><LF>.<CR><LF><EOL>
20/11/13 21:27:13 >> Date: Fri, 13 Nov 2020 21:27:13 +0800<EOL>
20/11/13 21:27:13 >> To: 1536862150@qq.com<EOL>
20/11/13 21:27:13 >> Subject: =?UTF-8?B?8J+YgPCfjLfnlKjmiLfluJDlj7fimqHmv4DmtLvwn5iN8J+UpQ==?=<EOL>
20/11/13 21:27:13 >> Content-type: text/html; charset=utf-8<EOL>
20/11/13 21:27:13 >> Content-Transfer-Encoding: 8bit<EOL>
20/11/13 21:27:13 >> <EOL>
20/11/13 21:27:13 >> <EOL>
20/11/13 21:27:13 >>             MaxJiao ：感谢您在我站注册了新帐号。请点击链接激活您的帐号。<LF>
20/11/13 21:27:13 >>             <br><EOL>
20/11/13 21:27:13 >>             <br><EOL>
20/11/13 21:27:13 >>             http://www.willcloudy.com/active.php?verify=c2a294856ed0dce6b56d4a9594bd9eed<EOL>
20/11/13 21:27:13 >>             <br><EOL>
20/11/13 21:27:13 >>             <br><EOL>
20/11/13 21:27:13 >>             如果以上链接无法点击，请将它复制到你的浏览器地址栏中进入访问，该链接24小时内有效。如果此次激活请求非你本人所发，请忽略本邮件<EOL>
20/11/13 21:27:13 >> .<EOL>
20/11/13 21:27:13 << 250 Mail OK queued as smtp7,C8CowADX5tCxia5fs2lSBg--.38763S3 1605274034<EOL>
20/11/13 21:27:13 >> QUIT<EOL>
20/11/13 21:27:13 << 221 Bye<EOL>
20/11/13 21:27:13 ** Disconnecting from smtp.163.com:25
20/11/13 21:27:13 ** Disconnected.
20/11/13 21:27:13 ** Disconnected.
